14/10/2023, 3:25:31 pm info: RECEIVED_SIGNALS 1697277331876,NIFTY,SE,0,248.15,0,0,0,O,19700,CALL,26102023,shakir hussain,100,SNE780058230926,demo
14/10/2023, 3:25:32 pm info: RECEIVED_SIGNALS_TOKEN 67308
14/10/2023, 3:25:36 pm info: RECEIVED_SIGNALS_PANEl_NAME_TADINGVIEW SMARTALGO KEY SNE780058230926
14/10/2023, 3:25:36 pm info:  ALICE BLUE ALL CLIENT TRADIND VIEW 1
14/10/2023, 3:25:37 pm info:  ALICE BLUE BEFORE PLACE ORDER USER ENTRY- dddd REQUEST -{"complexty":"regular","discqty":"0","exch":"NFO","pCode":"NRML","prctyp":"MKT","price":"248.15","qty":"0","ret":"DAY","symbol_id":"67308","trading_symbol":"NIFTY23102619700CE","transtype":"SELL","trigPrice":"","orderTag":"order1"}
14/10/2023, 3:25:37 pm info:  ALICE BLUE AFTER PLACE ORDER USER ENTRY - dddd RESPONSE -[{"stat":"Ok","NOrdNo":"23101400000575"}]
14/10/2023, 3:38:08 pm info: RECEIVED_SIGNALS 1697278088700,NIFTY,SE,0,248.15,0,0,0,O,19700,CALL,26102023,shakir hussain,100,SNE780058230926,demo
14/10/2023, 3:38:09 pm info: RECEIVED_SIGNALS_TOKEN 67308
14/10/2023, 3:38:11 pm info: RECEIVED_SIGNALS_PANEl_NAME_TADINGVIEW SMARTALGO KEY SNE780058230926
14/10/2023, 3:38:11 pm info:  ALICE BLUE ALL CLIENT TRADIND VIEW 1
14/10/2023, 3:38:12 pm info:  ALICE BLUE BEFORE PLACE ORDER USER ENTRY- dddd REQUEST -{"complexty":"regular","discqty":"0","exch":"NFO","pCode":"NRML","prctyp":"MKT","price":"248.15","qty":"0","ret":"DAY","symbol_id":"67308","trading_symbol":"NIFTY23102619700CE","transtype":"SELL","trigPrice":"","orderTag":"order1"}
14/10/2023, 3:38:12 pm info:  ALICE BLUE AFTER PLACE ORDER USER ENTRY - dddd RESPONSE -[{"stat":"Ok","NOrdNo":"23101400000619"}]
14/10/2023, 3:47:27 pm info: RECEIVED_SIGNALS 1697278647202,NIFTY,SE,0,248.15,0,0,0,O,19700,CALL,26102023,shakir hussain,100,SNE780058230926,demo
14/10/2023, 3:47:27 pm info: RECEIVED_SIGNALS_TOKEN 67308
14/10/2023, 3:47:29 pm info: RECEIVED_SIGNALS_PANEl_NAME_TADINGVIEW SMARTALGO KEY SNE780058230926
14/10/2023, 3:47:30 pm info:  ALICE BLUE ALL CLIENT TRADIND VIEW 1
14/10/2023, 3:47:30 pm info:  ALICE BLUE BEFORE PLACE ORDER USER ENTRY- dddd REQUEST -{"complexty":"regular","discqty":"0","exch":"NFO","pCode":"NRML","prctyp":"MKT","price":"248.15","qty":"0","ret":"DAY","symbol_id":"67308","trading_symbol":"NIFTY23102619700CE","transtype":"SELL","trigPrice":"","orderTag":"order1"}
14/10/2023, 3:47:30 pm info:  ALICE BLUE AFTER PLACE ORDER USER ENTRY - dddd RESPONSE -[{"stat":"Ok","NOrdNo":"23101400000633"}]
14/10/2023, 5:04:42 pm info: RECEIVED_SIGNALS 1697283282417,NIFTY,SE,0,248.15,0,0,0,O,19700,CALL,26102023,shakir hussain,100,SNE780058230926,demo
14/10/2023, 5:04:42 pm info: RECEIVED_SIGNALS_TOKEN 67308
14/10/2023, 5:04:45 pm info: RECEIVED_SIGNALS_PANEl_NAME_TADINGVIEW SMARTALGO KEY SNE780058230926
14/10/2023, 5:04:45 pm info:  ALICE BLUE ALL CLIENT TRADIND VIEW 0
14/10/2023, 5:06:01 pm info: RECEIVED_SIGNALS 1697283360968,NIFTY,SE,0,248.15,0,0,0,O,19700,CALL,26102023,shakir hussain,100,SNE780058230926,demo
14/10/2023, 5:06:01 pm info: RECEIVED_SIGNALS_TOKEN 67308
14/10/2023, 5:06:03 pm info: RECEIVED_SIGNALS_PANEl_NAME_TADINGVIEW SMARTALGO KEY SNE780058230926
14/10/2023, 5:06:03 pm info:  ALICE BLUE ALL CLIENT TRADIND VIEW 0
14/10/2023, 5:07:32 pm info: RECEIVED_SIGNALS 1697283452313,NIFTY,SE,0,248.15,0,0,0,O,19700,CALL,26102023,shakir hussain,100,SNE780058230926,demo
14/10/2023, 5:07:32 pm info: RECEIVED_SIGNALS_TOKEN 67308
14/10/2023, 5:07:34 pm info: RECEIVED_SIGNALS_PANEl_NAME_TADINGVIEW SMARTALGO KEY SNE780058230926
14/10/2023, 5:07:35 pm info:  ALICE BLUE ALL CLIENT TRADIND VIEW 0
14/10/2023, 5:10:19 pm info: RECEIVED_SIGNALS 1697283619588,NIFTY,SE,0,248.15,0,0,0,O,19700,CALL,26102023,shakir hussain,100,SNE780058230926,demo
14/10/2023, 5:10:19 pm info: RECEIVED_SIGNALS_TOKEN 67308
14/10/2023, 5:10:22 pm info: RECEIVED_SIGNALS_PANEl_NAME_TADINGVIEW SMARTALGO KEY SNE780058230926
14/10/2023, 5:10:22 pm info:  ALICE BLUE ALL CLIENT TRADIND VIEW 0
14/10/2023, 5:21:49 pm info: RECEIVED_SIGNALS 1697284309918,NIFTY,SE,0,248.15,0,0,0,O,19700,CALL,26102023,shakir hussain,100,SNE780058230926,demo
14/10/2023, 5:21:52 pm info: RECEIVED_SIGNALS_TOKEN 67308
14/10/2023, 5:21:54 pm info: RECEIVED_SIGNALS_PANEl_NAME_TADINGVIEW SMARTALGO KEY SNE780058230926
14/10/2023, 5:21:54 pm info:  ALICE BLUE ALL CLIENT TRADIND VIEW 0
14/10/2023, 5:24:00 pm info: RECEIVED_SIGNALS 1697284440375,NIFTY,SE,0,248.15,0,0,0,O,19700,CALL,26102023,shakir hussain,100,SNE780058230926,demo
14/10/2023, 5:24:00 pm info: RECEIVED_SIGNALS_TOKEN 67308
14/10/2023, 5:24:02 pm info: RECEIVED_SIGNALS_PANEl_NAME_TADINGVIEW SMARTALGO KEY SNE780058230926
14/10/2023, 5:24:03 pm info:  ALICE BLUE ALL CLIENT TRADIND VIEW 0
14/10/2023, 5:24:56 pm info: RECEIVED_SIGNALS 1697284496652,NIFTY,SE,0,248.15,0,0,0,O,19700,CALL,26102023,shakir hussain,100,SNE780058230926,demo
14/10/2023, 5:24:56 pm info: RECEIVED_SIGNALS_TOKEN 67308
14/10/2023, 5:24:56 pm info: RECEIVED_SIGNALS_PANEl_NAME_TADINGVIEW SMARTALGO KEY SNE780058230926
14/10/2023, 5:24:57 pm info:  ALICE BLUE ALL CLIENT TRADIND VIEW 0
14/10/2023, 5:26:51 pm info: RECEIVED_SIGNALS 1697284611119,NIFTY,SE,0,248.15,0,0,0,O,19700,CALL,26102023,shakir hussain,100,SNE780058230926,demo
14/10/2023, 5:26:51 pm info: RECEIVED_SIGNALS_TOKEN 67308
14/10/2023, 5:26:54 pm info: RECEIVED_SIGNALS_PANEl_NAME_TADINGVIEW SMARTALGO KEY SNE780058230926
14/10/2023, 5:26:54 pm info:  ALICE BLUE ALL CLIENT TRADIND VIEW 0
14/10/2023, 5:28:27 pm info: RECEIVED_SIGNALS 1697284707172,NIFTY,SE,0,248.15,0,0,0,O,19700,CALL,26102023,shakir hussain,100,SNE780058230926,demo
14/10/2023, 5:28:28 pm info: RECEIVED_SIGNALS_TOKEN 67308
14/10/2023, 5:28:30 pm info: RECEIVED_SIGNALS_PANEl_NAME_TADINGVIEW SMARTALGO KEY SNE780058230926
14/10/2023, 5:28:30 pm info:  ALICE BLUE ALL CLIENT TRADIND VIEW 0
14/10/2023, 5:30:15 pm info: RECEIVED_SIGNALS 1697284815171,NIFTY,SE,0,248.15,0,0,0,O,19700,CALL,26102023,shakir hussain,100,SNE780058230926,demo
14/10/2023, 5:30:15 pm info: RECEIVED_SIGNALS_TOKEN 67308
14/10/2023, 5:30:17 pm info: RECEIVED_SIGNALS_PANEl_NAME_TADINGVIEW SMARTALGO KEY SNE780058230926
14/10/2023, 5:30:17 pm info:  ALICE BLUE ALL CLIENT TRADIND VIEW 0
14/10/2023, 5:35:44 pm info: RECEIVED_SIGNALS 1697285144651,NIFTY,SE,0,248.15,0,0,0,O,19700,CALL,26102023,shakir hussain,100,SNE780058230926,demo
14/10/2023, 5:35:45 pm info: RECEIVED_SIGNALS_TOKEN 67308
14/10/2023, 5:35:47 pm info: RECEIVED_SIGNALS_PANEl_NAME_TADINGVIEW SMARTALGO KEY SNE780058230926
14/10/2023, 5:35:47 pm info:  ALICE BLUE ALL CLIENT TRADIND VIEW 0
14/10/2023, 5:36:48 pm info: RECEIVED_SIGNALS 1697285207975,NIFTY,SE,0,248.15,0,0,0,O,19700,CALL,26102023,shakir hussain,100,SNE780058230926,demo
14/10/2023, 5:36:48 pm info: RECEIVED_SIGNALS_TOKEN 67308
14/10/2023, 5:36:50 pm info: RECEIVED_SIGNALS_PANEl_NAME_TADINGVIEW SMARTALGO KEY SNE780058230926
14/10/2023, 5:36:50 pm info:  ALICE BLUE ALL CLIENT TRADIND VIEW 0
14/10/2023, 5:38:12 pm info: RECEIVED_SIGNALS 1697285292589,NIFTY,SE,0,248.15,0,0,0,O,19700,CALL,26102023,shakir hussain,100,SNE780058230926,demo
14/10/2023, 5:38:12 pm info: RECEIVED_SIGNALS_TOKEN 67308
14/10/2023, 5:38:15 pm info: RECEIVED_SIGNALS_PANEl_NAME_TADINGVIEW SMARTALGO KEY SNE780058230926
14/10/2023, 5:38:15 pm info:  ALICE BLUE ALL CLIENT TRADIND VIEW 0
14/10/2023, 5:38:47 pm info: RECEIVED_SIGNALS 1697285327335,NIFTY,SE,0,248.15,0,0,0,O,19700,CALL,26102023,shakir hussain,100,SNE780058230926,demo
14/10/2023, 5:38:49 pm info: RECEIVED_SIGNALS_TOKEN 67308
14/10/2023, 5:38:51 pm info: RECEIVED_SIGNALS_PANEl_NAME_TADINGVIEW SMARTALGO KEY SNE780058230926
14/10/2023, 5:38:52 pm info:  ALICE BLUE ALL CLIENT TRADIND VIEW 0
14/10/2023, 5:39:28 pm info: RECEIVED_SIGNALS 1697285368270,NIFTY,SE,0,248.15,0,0,0,O,19700,CALL,26102023,shakir hussain,100,SNE780058230926,demo
14/10/2023, 5:39:28 pm info: RECEIVED_SIGNALS_TOKEN 67308
14/10/2023, 5:39:28 pm info: RECEIVED_SIGNALS_PANEl_NAME_TADINGVIEW SMARTALGO KEY SNE780058230926
14/10/2023, 5:39:28 pm info:  ALICE BLUE ALL CLIENT TRADIND VIEW 0
14/10/2023, 5:41:05 pm info: RECEIVED_SIGNALS 1697285465877,NIFTY,SE,0,248.15,0,0,0,O,19700,CALL,26102023,shakir hussain,100,SNE780058230926,demo
14/10/2023, 5:41:06 pm info: RECEIVED_SIGNALS_TOKEN 67308
14/10/2023, 5:41:06 pm info: RECEIVED_SIGNALS_PANEl_NAME_TADINGVIEW SMARTALGO KEY SNE780058230926
14/10/2023, 5:41:06 pm info:  ALICE BLUE ALL CLIENT TRADIND VIEW 0
14/10/2023, 5:43:03 pm info: RECEIVED_SIGNALS 1697285582988,NIFTY,SE,0,248.15,0,0,0,O,19700,CALL,26102023,shakir hussain,100,SNE780058230926,demo
14/10/2023, 5:43:03 pm info: RECEIVED_SIGNALS_TOKEN 67308
14/10/2023, 5:43:03 pm info: RECEIVED_SIGNALS_PANEl_NAME_TADINGVIEW SMARTALGO KEY SNE780058230926
14/10/2023, 5:43:04 pm info:  ALICE BLUE ALL CLIENT TRADIND VIEW 0
14/10/2023, 5:43:23 pm info: RECEIVED_SIGNALS 1697285603342,NIFTY,SE,0,248.15,0,0,0,O,19700,CALL,26102023,shakir hussain,100,SNE780058230926,demo
14/10/2023, 5:43:23 pm info: RECEIVED_SIGNALS_TOKEN 67308
14/10/2023, 5:43:23 pm info: RECEIVED_SIGNALS_PANEl_NAME_TADINGVIEW SMARTALGO KEY SNE780058230926
14/10/2023, 5:43:23 pm info:  ALICE BLUE ALL CLIENT TRADIND VIEW 0
14/10/2023, 6:00:37 pm info: RECEIVED_SIGNALS_PANEl_NAME_TADINGVIEW SMARTALGO KEY SNE780058230926
14/10/2023, 6:18:21 pm info: RECEIVED_SIGNALS_PANEl_NAME_TADINGVIEW SMARTALGO KEY SNE780058230926
